<?xml version="1.0" encoding="UTF-8"?>
<testsuite name="service.SnakeAndLadderServiceShould" tests="2" skipped="0" failures="0" errors="0" timestamp="2021-03-24T14:02:42" hostname="ATLANTISPC-1017" time="0.002">
  <properties/>
  <testcase name="startGamewithcrookeddice" classname="service.SnakeAndLadderServiceShould" time="0.002"/>
  <testcase name="startGamewithoutcrookeddice" classname="service.SnakeAndLadderServiceShould" time="0.0"/>
  <system-out><![CDATA[]]></system-out>
  <system-err><![CDATA[]]></system-err>
</testsuite>
